<?xml version="1.0" encoding="UTF-8"?>
<!-- Generated by org.testng.reporters.JUnitXMLReporter -->
<testsuite hostname="Swapnil_Naidu" ignored="0" name="Test" tests="6" failures="0" timestamp="23 Dec 2019 14:44:07 GMT" time="3.572" errors="0">
  <testcase name="allProducts001" time="2.291" classname="products.GETAllProducts"/>
  <testcase name="checkProductName" time="0.859" classname="products.GETAllProducts"/>
  <testcase name="productById" time="0.029" classname="products.GETAllProducts"/>
  <testcase name="addSingleProduct" time="0.172" classname="products.POSTAddProduct"/>
  <testcase name="updateProduct" time="0.131" classname="products.PATCHUpdateProducts"/>
  <testcase name="deleteProduct" time="0.029" classname="products.DELETEProduct"/>
</testsuite> <!-- Test -->
