<?xml version="1.0" encoding="UTF-8"?>
<!-- Generated by org.testng.reporters.JUnitXMLReporter -->
<testsuite hostname="Swapnil_Naidu" ignored="0" name="Test" tests="4" failures="0" timestamp="23 Dec 2019 13:18:48 GMT" time="3.676" errors="0">
  <testcase name="allProducts001" time="3.167" classname="products.GETAllProducts"/>
  <testcase name="addSingleProduct" time="0.295" classname="products.POSTAddProduct"/>
  <testcase name="updateProduct" time="0.146" classname="products.PATCHUpdateProducts"/>
  <testcase name="deleteProduct" time="0.028" classname="products.DELETEProduct"/>
</testsuite> <!-- Test -->
