<?xml version="1.0" encoding="UTF-8"?>
<testsuite xmlns:xsi="http://www.w3.org/2001/XMLSchema-instance" xsi:noNamespaceSchemaLocation="https://maven.apache.org/surefire/maven-surefire-plugin/xsd/surefire-test-report-3.0.xsd" version="3.0" name="TestSuite" time="5.142" tests="4" errors="0" skipped="0" failures="0">
  <properties>
[...]
</properties>
  <testcase name="allProducts001" classname="products.GETAllProducts" time="3.385"/>
  <testcase name="addSingleProduct" classname="products.POSTAddProduct" time="0.081"/>
  <testcase name="updateProduct" classname="products.PATCHUpdateProducts" time="0.152"/>
  <testcase name="deleteProduct" classname="products.DELETEProduct" time="0.024"/>
</testsuite>